Using pre-set license
Built from '2020.3/release' branch; Version is '2020.3.31f1 (6b54b7616050) revision 7034039'; Using compiler version '192528614'; Build Type 'Release'
OS: 'Windows 11  (10.0.22000) 64bit Core' Language: 'en' Physical Memory: 8013 MB
BatchMode: 1, IsHumanControllingUs: 0, StartBugReporterOnCrash: 0, Is64bit: 1, IsPro: 0

COMMAND LINE ARGUMENTS:
C:\Program Files\Unity\Hub\Editor\2020.3.31f1\Editor\Unity.exe
-adb2
-batchMode
-noUpm
-name
AssetImportWorker0
-projectPath
C:/Users/Lawrence/Unity Projects/Learning
-logFile
Logs/AssetImportWorker0.log
-srvPort
54986
Successfully changed project path to: C:/Users/Lawrence/Unity Projects/Learning
C:/Users/Lawrence/Unity Projects/Learning
Using Asset Import Pipeline V2.
Refreshing native plugins compatible for Editor in 50.05 ms, found 5 plugins.
Preloading 0 native plugins for Editor in 0.00 ms.
Initialize engine version: 2020.3.31f1 (6b54b7616050)
[Subsystems] Discovering subsystems at path C:/Program Files/Unity/Hub/Editor/2020.3.31f1/Editor/Data/Resources/UnitySubsystems
[Subsystems] Discovering subsystems at path C:/Users/Lawrence/Unity Projects/Learning/Assets
GfxDevice: creating device client; threaded=0
Direct3D:
    Version:  Direct3D 11.0 [level 11.1]
    Renderer: NVIDIA GeForce GTX 1650 with Max-Q Design (ID=0x1f9d)
    Vendor:   
    VRAM:     3962 MB
    Driver:   30.0.14.9649
Initialize mono
Mono path[0] = 'C:/Program Files/Unity/Hub/Editor/2020.3.31f1/Editor/Data/Managed'
Mono path[1] = 'C:/Program Files/Unity/Hub/Editor/2020.3.31f1/Editor/Data/MonoBleedingEdge/lib/mono/unityjit'
Mono config path = 'C:/Program Files/Unity/Hub/Editor/2020.3.31f1/Editor/Data/MonoBleedingEdge/etc'
Using monoOptions --debugger-agent=transport=dt_socket,embedding=1,server=y,suspend=n,address=127.0.0.1:56416
Begin MonoManager ReloadAssembly
Registering precompiled unity dll's ...
Register platform support module: C:/Program Files/Unity/Hub/Editor/2020.3.31f1/Editor/Data/PlaybackEngines/WebGLSupport/UnityEditor.WebGL.Extensions.dll
Register platform support module: C:/Program Files/Unity/Hub/Editor/2020.3.31f1/Editor/Data/PlaybackEngines/WindowsStandaloneSupport/UnityEditor.WindowsStandalone.Extensions.dll
Registered in 0.001356 seconds.
Native extension for WindowsStandalone target not found
Native extension for WebGL target not found
Refreshing native plugins compatible for Editor in 41.00 ms, found 5 plugins.
Preloading 0 native plugins for Editor in 0.00 ms.
Mono: successfully reloaded assembly
- Completed reload, in  0.524 seconds
Domain Reload Profiling:
	ReloadAssembly (524ms)
		BeginReloadAssembly (55ms)
			ExecutionOrderSort (0ms)
			DisableScriptedObjects (0ms)
			BackupInstance (0ms)
			ReleaseScriptingObjects (0ms)
			CreateAndSetChildDomain (1ms)
		EndReloadAssembly (406ms)
			LoadAssemblies (53ms)
			RebuildTransferFunctionScriptingTraits (0ms)
			SetupTypeCache (125ms)
			ReleaseScriptCaches (0ms)
			RebuildScriptCaches (32ms)
			SetupLoadedEditorAssemblies (159ms)
				LogAssemblyErrors (0ms)
				InitializePlatformSupportModulesInManaged (5ms)
				SetLoadedEditorAssemblies (0ms)
				RefreshPlugins (41ms)
				BeforeProcessingInitializeOnLoad (12ms)
				ProcessInitializeOnLoadAttributes (76ms)
				ProcessInitializeOnLoadMethodAttributes (24ms)
				AfterProcessingInitializeOnLoad (0ms)
				EditorAssembliesLoaded (0ms)
			ExecutionOrderSort2 (0ms)
			AwakeInstancesAfterBackupRestoration (0ms)
Platform modules already initialized, skipping
Registering precompiled user dll's ...
Registered in 0.005873 seconds.
Begin MonoManager ReloadAssembly
Error: Could not load signature of iOSNotificationPostProcessor:ShouldAddSettingToPlist due to: Could not load file or assembly 'UnityEditor.iOS.Extensions.Xcode, Version=1.0.0.0, Culture=neutral, PublicKeyToken=null' or one of its dependencies. assembly:UnityEditor.iOS.Extensions.Xcode, Version=1.0.0.0, Culture=neutral, PublicKeyToken=null type:<unknown type> member:(null) signature:<none>
0x00007ff64c34e54c (Unity) StackWalker::GetCurrentCallstack
0x00007ff64c355b49 (Unity) StackWalker::ShowCallstack
0x00007ff64d0e629c (Unity) GetStacktrace
0x00007ff64db431d7 (Unity) DebugStringToFile
0x00007ff64c23f5ab (Unity) ScanForAttributesAndInterfaceImplementations
0x00007ff64c2665b3 (Unity) MonoManager::SetupTypeCache
0x00007ff64c25cae3 (Unity) MonoManager::EndReloadAssembly
0x00007ff64c263fd7 (Unity) MonoManager::ReloadAssembly
0x00007ff64cf8f7b1 (Unity) LoadDomainAndUserAssemblies
0x00007ff64cf8fe19 (Unity) LoadUserAssemblies
0x00007ff64cc71534 (Unity) Application::InitializeProject
0x00007ff64d0f0622 (Unity) WinMain
0x00007ff64e78df4e (Unity) __scrt_common_main_seh
0x00007ffb930254e0 (KERNEL32) BaseThreadInitThunk
0x00007ffb941a485b (ntdll) RtlUserThreadStart

Unloading broken assembly Library/ScriptAssemblies/Unity.Notifications.dll, this assembly can cause crashes in the runtime
0x00007ff64c34e54c (Unity) StackWalker::GetCurrentCallstack
0x00007ff64c355b49 (Unity) StackWalker::ShowCallstack
0x00007ff64d0e629c (Unity) GetStacktrace
0x00007ff64db431d7 (Unity) DebugStringToFile
0x00007ff64c265d45 (Unity) MonoManager::SetupLoadedEditorAssemblies
0x00007ff64c25ce71 (Unity) MonoManager::EndReloadAssembly
0x00007ff64c263fd7 (Unity) MonoManager::ReloadAssembly
0x00007ff64cf8f7b1 (Unity) LoadDomainAndUserAssemblies
0x00007ff64cf8fe19 (Unity) LoadUserAssemblies
0x00007ff64cc71534 (Unity) Application::InitializeProject
0x00007ff64d0f0622 (Unity) WinMain
0x00007ff64e78df4e (Unity) __scrt_common_main_seh
0x00007ffb930254e0 (KERNEL32) BaseThreadInitThunk
0x00007ffb941a485b (ntdll) RtlUserThreadStart

Native extension for WindowsStandalone target not found
Native extension for WebGL target not found
Refreshing native plugins compatible for Editor in 42.03 ms, found 5 plugins.
Preloading 0 native plugins for Editor in 0.00 ms.
Mono: successfully reloaded assembly
- Completed reload, in  1.146 seconds
Domain Reload Profiling:
	ReloadAssembly (1146ms)
		BeginReloadAssembly (133ms)
			ExecutionOrderSort (0ms)
			DisableScriptedObjects (5ms)
			BackupInstance (0ms)
			ReleaseScriptingObjects (0ms)
			CreateAndSetChildDomain (16ms)
		EndReloadAssembly (961ms)
			LoadAssemblies (89ms)
			RebuildTransferFunctionScriptingTraits (0ms)
			SetupTypeCache (387ms)
			ReleaseScriptCaches (0ms)
			RebuildScriptCaches (53ms)
			SetupLoadedEditorAssemblies (332ms)
				LogAssemblyErrors (1ms)
				InitializePlatformSupportModulesInManaged (4ms)
				SetLoadedEditorAssemblies (0ms)
				RefreshPlugins (42ms)
				BeforeProcessingInitializeOnLoad (77ms)
				ProcessInitializeOnLoadAttributes (189ms)
				ProcessInitializeOnLoadMethodAttributes (14ms)
				AfterProcessingInitializeOnLoad (4ms)
				EditorAssembliesLoaded (0ms)
			ExecutionOrderSort2 (0ms)
			AwakeInstancesAfterBackupRestoration (5ms)
Platform modules already initialized, skipping
========================================================================
Worker process is ready to serve import requests
Launched and connected shader compiler UnityShaderCompiler.exe after 0.06 seconds
Refreshing native plugins compatible for Editor in 0.57 ms, found 5 plugins.
Preloading 0 native plugins for Editor in 0.00 ms.
Unloading 2335 Unused Serialized files (Serialized files now loaded: 0)
System memory in use before: 121.4 MB.
System memory in use after: 121.6 MB.

Unloading 54 unused Assets to reduce memory usage. Loaded Objects now: 2809.
Total: 2.525600 ms (FindLiveObjects: 0.181100 ms CreateObjectMapping: 0.108400 ms MarkObjects: 2.209300 ms  DeleteObjects: 0.025800 ms)

AssetImportParameters requested are different than current active one (requested -> active):
  custom:framework-win-MediaFoundation: 216162199b28c13a410421893ffa2e32 -> 
  custom:video-decoder-ogg-theora: a1e56fd34408186e4bbccfd4996cb3dc -> 
  custom:container-muxer-webm: aa71ff27fc2769a1b78a27578f13a17b -> 
  custom:container-demuxer-webm: 4f35f7cbe854078d1ac9338744f61a02 -> 
  custom:container-demuxer-ogg: 62fdf1f143b41e24485cea50d1cbac27 -> 
  custom:video-encoder-webm-vp8: eb34c28f22e8b96e1ab97ce403110664 -> 
  custom:video-decoder-webm-vp8: 9c59270c3fd7afecdb556c50c9e8de78 -> 
  custom:audio-decoder-ogg-vorbis: bf7c407c2cedff20999df2af8eb42d56 -> 
  custom:audio-encoder-webm-vorbis: bf7c407c2cedff20999df2af8eb42d56 -> 
========================================================================
Received Import Request.
  path: Assets/Scenes/MainScreen.unity
  artifactKey: Guid(2cda990e2423bbf4892e6590ba056729) Importer(815301076,1909f56bfc062723c751e8b465ee728b)
Start importing Assets/Scenes/MainScreen.unity using Guid(2cda990e2423bbf4892e6590ba056729) Importer(815301076,1909f56bfc062723c751e8b465ee728b)  -> (artifact id: '307870b5f872a31f98735c7380fd4242') in 0.008387 seconds 
========================================================================
Received Import Request.
  Time since last request: 7.254997 seconds.
  path: Assets/Scenes/SplashScreen.unity
  artifactKey: Guid(c68e7cb53df035b498e1a51385b46cad) Importer(815301076,1909f56bfc062723c751e8b465ee728b)
Start importing Assets/Scenes/SplashScreen.unity using Guid(c68e7cb53df035b498e1a51385b46cad) Importer(815301076,1909f56bfc062723c751e8b465ee728b)  -> (artifact id: 'e20338173ed4adf2bb83e37ffa13e08a') in 0.003302 seconds 
========================================================================
Received Import Request.
  Time since last request: 6.917677 seconds.
  path: Assets/Scripts/SwitchToMainScene.cs
  artifactKey: Guid(99812f8a1ad59584f9022fe6da96b378) Importer(815301076,1909f56bfc062723c751e8b465ee728b)
Start importing Assets/Scripts/SwitchToMainScene.cs using Guid(99812f8a1ad59584f9022fe6da96b378) Importer(815301076,1909f56bfc062723c751e8b465ee728b)  -> (artifact id: 'b00910e2717fd8047aa42e8d271ff7ca') in 0.018962 seconds 
========================================================================
Received Import Request.
  Time since last request: 64.039260 seconds.
  path: Assets/Scripts/SwitchToMainScene.cs
  artifactKey: Guid(99812f8a1ad59584f9022fe6da96b378) Importer(815301076,1909f56bfc062723c751e8b465ee728b)
Start importing Assets/Scripts/SwitchToMainScene.cs using Guid(99812f8a1ad59584f9022fe6da96b378) Importer(815301076,1909f56bfc062723c751e8b465ee728b)  -> (artifact id: '8755afd5d4501e569c57f1dd2f4f5eca') in 0.002570 seconds 
========================================================================
Received Prepare
Registering precompiled user dll's ...
Registered in 0.006470 seconds.
Begin MonoManager ReloadAssembly
Error: Could not load signature of iOSNotificationPostProcessor:ShouldAddSettingToPlist due to: Could not load file or assembly 'UnityEditor.iOS.Extensions.Xcode, Version=1.0.0.0, Culture=neutral, PublicKeyToken=null' or one of its dependencies. assembly:UnityEditor.iOS.Extensions.Xcode, Version=1.0.0.0, Culture=neutral, PublicKeyToken=null type:<unknown type> member:(null) signature:<none>
0x00007ff64c34e54c (Unity) StackWalker::GetCurrentCallstack
0x00007ff64c355b49 (Unity) StackWalker::ShowCallstack
0x00007ff64d0e629c (Unity) GetStacktrace
0x00007ff64db431d7 (Unity) DebugStringToFile
0x00007ff64c23f5ab (Unity) ScanForAttributesAndInterfaceImplementations
0x00007ff64c2665b3 (Unity) MonoManager::SetupTypeCache
0x00007ff64c25cae3 (Unity) MonoManager::EndReloadAssembly
0x00007ff64c263fd7 (Unity) MonoManager::ReloadAssembly
0x00007ff64cf8f7b1 (Unity) LoadDomainAndUserAssemblies
0x00007ff64cf8fe19 (Unity) LoadUserAssemblies
0x00007ff64d1ce6a8 (Unity) <lambda_42590b35a7504ca56990eaf6908bc2e2>::operator()
0x00007ff64d257732 (Unity) asio::detail::completion_handler<core::mutable_function<void __cdecl(void)> >::do_complete
0x00007ff64d259890 (Unity) asio::detail::win_iocp_io_service::do_one
0x00007ff64d25d00e (Unity) asio::io_service::run
0x00007ff64d1f836b (Unity) RunAssetImportWorkerClientV2
0x00007ff64d1f83c0 (Unity) RunAssetImporterV2
0x00007ff64cc71539 (Unity) Application::InitializeProject
0x00007ff64d0f0622 (Unity) WinMain
0x00007ff64e78df4e (Unity) __scrt_common_main_seh
0x00007ffb930254e0 (KERNEL32) BaseThreadInitThunk
0x00007ffb941a485b (ntdll) RtlUserThreadStart

Unloading broken assembly Library/ScriptAssemblies/Unity.Notifications.dll, this assembly can cause crashes in the runtime
0x00007ff64c34e54c (Unity) StackWalker::GetCurrentCallstack
0x00007ff64c355b49 (Unity) StackWalker::ShowCallstack
0x00007ff64d0e629c (Unity) GetStacktrace
0x00007ff64db431d7 (Unity) DebugStringToFile
0x00007ff64c265d45 (Unity) MonoManager::SetupLoadedEditorAssemblies
0x00007ff64c25ce71 (Unity) MonoManager::EndReloadAssembly
0x00007ff64c263fd7 (Unity) MonoManager::ReloadAssembly
0x00007ff64cf8f7b1 (Unity) LoadDomainAndUserAssemblies
0x00007ff64cf8fe19 (Unity) LoadUserAssemblies
0x00007ff64d1ce6a8 (Unity) <lambda_42590b35a7504ca56990eaf6908bc2e2>::operator()
0x00007ff64d257732 (Unity) asio::detail::completion_handler<core::mutable_function<void __cdecl(void)> >::do_complete
0x00007ff64d259890 (Unity) asio::detail::win_iocp_io_service::do_one
0x00007ff64d25d00e (Unity) asio::io_service::run
0x00007ff64d1f836b (Unity) RunAssetImportWorkerClientV2
0x00007ff64d1f83c0 (Unity) RunAssetImporterV2
0x00007ff64cc71539 (Unity) Application::InitializeProject
0x00007ff64d0f0622 (Unity) WinMain
0x00007ff64e78df4e (Unity) __scrt_common_main_seh
0x00007ffb930254e0 (KERNEL32) BaseThreadInitThunk
0x00007ffb941a485b (ntdll) RtlUserThreadStart

Native extension for WindowsStandalone target not found
Native extension for WebGL target not found
Refreshing native plugins compatible for Editor in 0.64 ms, found 5 plugins.
Preloading 0 native plugins for Editor in 0.00 ms.
Mono: successfully reloaded assembly
- Completed reload, in  0.956 seconds
Domain Reload Profiling:
	ReloadAssembly (956ms)
		BeginReloadAssembly (114ms)
			ExecutionOrderSort (0ms)
			DisableScriptedObjects (6ms)
			BackupInstance (0ms)
			ReleaseScriptingObjects (0ms)
			CreateAndSetChildDomain (30ms)
		EndReloadAssembly (787ms)
			LoadAssemblies (97ms)
			RebuildTransferFunctionScriptingTraits (0ms)
			SetupTypeCache (275ms)
			ReleaseScriptCaches (2ms)
			RebuildScriptCaches (51ms)
			SetupLoadedEditorAssemblies (287ms)
				LogAssemblyErrors (1ms)
				InitializePlatformSupportModulesInManaged (5ms)
				SetLoadedEditorAssemblies (0ms)
				RefreshPlugins (1ms)
				BeforeProcessingInitializeOnLoad (84ms)
				ProcessInitializeOnLoadAttributes (181ms)
				ProcessInitializeOnLoadMethodAttributes (10ms)
				AfterProcessingInitializeOnLoad (4ms)
				EditorAssembliesLoaded (0ms)
			ExecutionOrderSort2 (0ms)
			AwakeInstancesAfterBackupRestoration (8ms)
Platform modules already initialized, skipping
Switching build target platform(19) subTarget(0) extendedPlatform(0) -> platform(9) subTarget(16777218) extendedPlatform(0)
Refreshing native plugins compatible for Editor in 0.62 ms, found 5 plugins.
Preloading 0 native plugins for Editor in 0.00 ms.
Unloading 2327 Unused Serialized files (Serialized files now loaded: 0)
System memory in use before: 120.3 MB.
System memory in use after: 120.5 MB.

Unloading 44 unused Assets to reduce memory usage. Loaded Objects now: 2812.
Total: 2.885300 ms (FindLiveObjects: 0.207800 ms CreateObjectMapping: 0.128600 ms MarkObjects: 2.525500 ms  DeleteObjects: 0.022800 ms)

AssetImportParameters requested are different than current active one (requested -> active):
  custom:framework-win-MediaFoundation: 216162199b28c13a410421893ffa2e32 -> 
  custom:video-decoder-ogg-theora: a1e56fd34408186e4bbccfd4996cb3dc -> 
  custom:container-muxer-webm: aa71ff27fc2769a1b78a27578f13a17b -> 
  custom:container-demuxer-webm: 4f35f7cbe854078d1ac9338744f61a02 -> 
  custom:container-demuxer-ogg: 62fdf1f143b41e24485cea50d1cbac27 -> 
  custom:video-encoder-webm-vp8: eb34c28f22e8b96e1ab97ce403110664 -> 
  custom:video-decoder-webm-vp8: 9c59270c3fd7afecdb556c50c9e8de78 -> 
  custom:graphics/normal-map-encoding: 01000000000000000000000000000000 -> 02000000000000000000000000000000
  custom:audio-decoder-ogg-vorbis: bf7c407c2cedff20999df2af8eb42d56 -> 
  custom:audio-encoder-webm-vorbis: bf7c407c2cedff20999df2af8eb42d56 -> 
========================================================================
Received Prepare
Registering precompiled user dll's ...
Registered in 0.006559 seconds.
Begin MonoManager ReloadAssembly
Error: Could not load signature of iOSNotificationPostProcessor:ShouldAddSettingToPlist due to: Could not load file or assembly 'UnityEditor.iOS.Extensions.Xcode, Version=1.0.0.0, Culture=neutral, PublicKeyToken=null' or one of its dependencies. assembly:UnityEditor.iOS.Extensions.Xcode, Version=1.0.0.0, Culture=neutral, PublicKeyToken=null type:<unknown type> member:(null) signature:<none>
0x00007ff64c34e54c (Unity) StackWalker::GetCurrentCallstack
0x00007ff64c355b49 (Unity) StackWalker::ShowCallstack
0x00007ff64d0e629c (Unity) GetStacktrace
0x00007ff64db431d7 (Unity) DebugStringToFile
0x00007ff64c23f5ab (Unity) ScanForAttributesAndInterfaceImplementations
0x00007ff64c2665b3 (Unity) MonoManager::SetupTypeCache
0x00007ff64c25cae3 (Unity) MonoManager::EndReloadAssembly
0x00007ff64c263fd7 (Unity) MonoManager::ReloadAssembly
0x00007ff64cf8f7b1 (Unity) LoadDomainAndUserAssemblies
0x00007ff64cf8fe19 (Unity) LoadUserAssemblies
0x00007ff64d1ce6a8 (Unity) <lambda_42590b35a7504ca56990eaf6908bc2e2>::operator()
0x00007ff64d257732 (Unity) asio::detail::completion_handler<core::mutable_function<void __cdecl(void)> >::do_complete
0x00007ff64d259890 (Unity) asio::detail::win_iocp_io_service::do_one
0x00007ff64d25d00e (Unity) asio::io_service::run
0x00007ff64d1f836b (Unity) RunAssetImportWorkerClientV2
0x00007ff64d1f83c0 (Unity) RunAssetImporterV2
0x00007ff64cc71539 (Unity) Application::InitializeProject
0x00007ff64d0f0622 (Unity) WinMain
0x00007ff64e78df4e (Unity) __scrt_common_main_seh
0x00007ffb930254e0 (KERNEL32) BaseThreadInitThunk
0x00007ffb941a485b (ntdll) RtlUserThreadStart

Unloading broken assembly Library/ScriptAssemblies/Unity.Notifications.dll, this assembly can cause crashes in the runtime
0x00007ff64c34e54c (Unity) StackWalker::GetCurrentCallstack
0x00007ff64c355b49 (Unity) StackWalker::ShowCallstack
0x00007ff64d0e629c (Unity) GetStacktrace
0x00007ff64db431d7 (Unity) DebugStringToFile
0x00007ff64c265d45 (Unity) MonoManager::SetupLoadedEditorAssemblies
0x00007ff64c25ce71 (Unity) MonoManager::EndReloadAssembly
0x00007ff64c263fd7 (Unity) MonoManager::ReloadAssembly
0x00007ff64cf8f7b1 (Unity) LoadDomainAndUserAssemblies
0x00007ff64cf8fe19 (Unity) LoadUserAssemblies
0x00007ff64d1ce6a8 (Unity) <lambda_42590b35a7504ca56990eaf6908bc2e2>::operator()
0x00007ff64d257732 (Unity) asio::detail::completion_handler<core::mutable_function<void __cdecl(void)> >::do_complete
0x00007ff64d259890 (Unity) asio::detail::win_iocp_io_service::do_one
0x00007ff64d25d00e (Unity) asio::io_service::run
0x00007ff64d1f836b (Unity) RunAssetImportWorkerClientV2
0x00007ff64d1f83c0 (Unity) RunAssetImporterV2
0x00007ff64cc71539 (Unity) Application::InitializeProject
0x00007ff64d0f0622 (Unity) WinMain
0x00007ff64e78df4e (Unity) __scrt_common_main_seh
0x00007ffb930254e0 (KERNEL32) BaseThreadInitThunk
0x00007ffb941a485b (ntdll) RtlUserThreadStart

Native extension for WindowsStandalone target not found
Native extension for WebGL target not found
Refreshing native plugins compatible for Editor in 0.89 ms, found 5 plugins.
Preloading 0 native plugins for Editor in 0.00 ms.
Mono: successfully reloaded assembly
- Completed reload, in  1.074 seconds
Domain Reload Profiling:
	ReloadAssembly (1074ms)
		BeginReloadAssembly (121ms)
			ExecutionOrderSort (0ms)
			DisableScriptedObjects (6ms)
			BackupInstance (0ms)
			ReleaseScriptingObjects (0ms)
			CreateAndSetChildDomain (43ms)
		EndReloadAssembly (893ms)
			LoadAssemblies (100ms)
			RebuildTransferFunctionScriptingTraits (0ms)
			SetupTypeCache (301ms)
			ReleaseScriptCaches (1ms)
			RebuildScriptCaches (55ms)
			SetupLoadedEditorAssemblies (332ms)
				LogAssemblyErrors (1ms)
				InitializePlatformSupportModulesInManaged (5ms)
				SetLoadedEditorAssemblies (1ms)
				RefreshPlugins (1ms)
				BeforeProcessingInitializeOnLoad (97ms)
				ProcessInitializeOnLoadAttributes (211ms)
				ProcessInitializeOnLoadMethodAttributes (12ms)
				AfterProcessingInitializeOnLoad (5ms)
				EditorAssembliesLoaded (0ms)
			ExecutionOrderSort2 (0ms)
			AwakeInstancesAfterBackupRestoration (10ms)
Platform modules already initialized, skipping
Switching build target platform(19) subTarget(0) extendedPlatform(0) -> platform(9) subTarget(16777218) extendedPlatform(0)
Refreshing native plugins compatible for Editor in 0.87 ms, found 5 plugins.
Preloading 0 native plugins for Editor in 0.00 ms.
Unloading 2327 Unused Serialized files (Serialized files now loaded: 0)
System memory in use before: 120.4 MB.
System memory in use after: 120.6 MB.

Unloading 44 unused Assets to reduce memory usage. Loaded Objects now: 2815.
Total: 4.447200 ms (FindLiveObjects: 0.224500 ms CreateObjectMapping: 0.118600 ms MarkObjects: 4.074900 ms  DeleteObjects: 0.028400 ms)

AssetImportParameters requested are different than current active one (requested -> active):
  custom:framework-win-MediaFoundation: 216162199b28c13a410421893ffa2e32 -> 
  custom:video-decoder-ogg-theora: a1e56fd34408186e4bbccfd4996cb3dc -> 
  custom:container-muxer-webm: aa71ff27fc2769a1b78a27578f13a17b -> 
  custom:container-demuxer-webm: 4f35f7cbe854078d1ac9338744f61a02 -> 
  custom:container-demuxer-ogg: 62fdf1f143b41e24485cea50d1cbac27 -> 
  custom:video-encoder-webm-vp8: eb34c28f22e8b96e1ab97ce403110664 -> 
  custom:video-decoder-webm-vp8: 9c59270c3fd7afecdb556c50c9e8de78 -> 
  custom:graphics/normal-map-encoding: 01000000000000000000000000000000 -> 02000000000000000000000000000000
  custom:audio-decoder-ogg-vorbis: bf7c407c2cedff20999df2af8eb42d56 -> 
  custom:audio-encoder-webm-vorbis: bf7c407c2cedff20999df2af8eb42d56 -> 
========================================================================
Received Prepare
Registering precompiled user dll's ...
Registered in 0.006647 seconds.
Begin MonoManager ReloadAssembly
Error: Could not load signature of iOSNotificationPostProcessor:ShouldAddSettingToPlist due to: Could not load file or assembly 'UnityEditor.iOS.Extensions.Xcode, Version=1.0.0.0, Culture=neutral, PublicKeyToken=null' or one of its dependencies. assembly:UnityEditor.iOS.Extensions.Xcode, Version=1.0.0.0, Culture=neutral, PublicKeyToken=null type:<unknown type> member:(null) signature:<none>
0x00007ff64c34e54c (Unity) StackWalker::GetCurrentCallstack
0x00007ff64c355b49 (Unity) StackWalker::ShowCallstack
0x00007ff64d0e629c (Unity) GetStacktrace
0x00007ff64db431d7 (Unity) DebugStringToFile
0x00007ff64c23f5ab (Unity) ScanForAttributesAndInterfaceImplementations
0x00007ff64c2665b3 (Unity) MonoManager::SetupTypeCache
0x00007ff64c25cae3 (Unity) MonoManager::EndReloadAssembly
0x00007ff64c263fd7 (Unity) MonoManager::ReloadAssembly
0x00007ff64cf8f7b1 (Unity) LoadDomainAndUserAssemblies
0x00007ff64cf8fe19 (Unity) LoadUserAssemblies
0x00007ff64d1ce6a8 (Unity) <lambda_42590b35a7504ca56990eaf6908bc2e2>::operator()
0x00007ff64d257732 (Unity) asio::detail::completion_handler<core::mutable_function<void __cdecl(void)> >::do_complete
0x00007ff64d259890 (Unity) asio::detail::win_iocp_io_service::do_one
0x00007ff64d25d00e (Unity) asio::io_service::run
0x00007ff64d1f836b (Unity) RunAssetImportWorkerClientV2
0x00007ff64d1f83c0 (Unity) RunAssetImporterV2
0x00007ff64cc71539 (Unity) Application::InitializeProject
0x00007ff64d0f0622 (Unity) WinMain
0x00007ff64e78df4e (Unity) __scrt_common_main_seh
0x00007ffb930254e0 (KERNEL32) BaseThreadInitThunk
0x00007ffb941a485b (ntdll) RtlUserThreadStart

Unloading broken assembly Library/ScriptAssemblies/Unity.Notifications.dll, this assembly can cause crashes in the runtime
0x00007ff64c34e54c (Unity) StackWalker::GetCurrentCallstack
0x00007ff64c355b49 (Unity) StackWalker::ShowCallstack
0x00007ff64d0e629c (Unity) GetStacktrace
0x00007ff64db431d7 (Unity) DebugStringToFile
0x00007ff64c265d45 (Unity) MonoManager::SetupLoadedEditorAssemblies
0x00007ff64c25ce71 (Unity) MonoManager::EndReloadAssembly
0x00007ff64c263fd7 (Unity) MonoManager::ReloadAssembly
0x00007ff64cf8f7b1 (Unity) LoadDomainAndUserAssemblies
0x00007ff64cf8fe19 (Unity) LoadUserAssemblies
0x00007ff64d1ce6a8 (Unity) <lambda_42590b35a7504ca56990eaf6908bc2e2>::operator()
0x00007ff64d257732 (Unity) asio::detail::completion_handler<core::mutable_function<void __cdecl(void)> >::do_complete
0x00007ff64d259890 (Unity) asio::detail::win_iocp_io_service::do_one
0x00007ff64d25d00e (Unity) asio::io_service::run
0x00007ff64d1f836b (Unity) RunAssetImportWorkerClientV2
0x00007ff64d1f83c0 (Unity) RunAssetImporterV2
0x00007ff64cc71539 (Unity) Application::InitializeProject
0x00007ff64d0f0622 (Unity) WinMain
0x00007ff64e78df4e (Unity) __scrt_common_main_seh
0x00007ffb930254e0 (KERNEL32) BaseThreadInitThunk
0x00007ffb941a485b (ntdll) RtlUserThreadStart

Native extension for WindowsStandalone target not found
Native extension for WebGL target not found
Refreshing native plugins compatible for Editor in 0.88 ms, found 5 plugins.
Preloading 0 native plugins for Editor in 0.00 ms.
Mono: successfully reloaded assembly
- Completed reload, in  1.085 seconds
Domain Reload Profiling:
	ReloadAssembly (1086ms)
		BeginReloadAssembly (123ms)
			ExecutionOrderSort (0ms)
			DisableScriptedObjects (7ms)
			BackupInstance (0ms)
			ReleaseScriptingObjects (0ms)
			CreateAndSetChildDomain (43ms)
		EndReloadAssembly (902ms)
			LoadAssemblies (102ms)
			RebuildTransferFunctionScriptingTraits (0ms)
			SetupTypeCache (306ms)
			ReleaseScriptCaches (1ms)
			RebuildScriptCaches (55ms)
			SetupLoadedEditorAssemblies (332ms)
				LogAssemblyErrors (1ms)
				InitializePlatformSupportModulesInManaged (6ms)
				SetLoadedEditorAssemblies (0ms)
				RefreshPlugins (1ms)
				BeforeProcessingInitializeOnLoad (96ms)
				ProcessInitializeOnLoadAttributes (211ms)
				ProcessInitializeOnLoadMethodAttributes (12ms)
				AfterProcessingInitializeOnLoad (4ms)
				EditorAssembliesLoaded (0ms)
			ExecutionOrderSort2 (0ms)
			AwakeInstancesAfterBackupRestoration (9ms)
Platform modules already initialized, skipping
Switching build target platform(19) subTarget(0) extendedPlatform(0) -> platform(9) subTarget(16777218) extendedPlatform(0)
Refreshing native plugins compatible for Editor in 0.92 ms, found 5 plugins.
Preloading 0 native plugins for Editor in 0.00 ms.
Unloading 2327 Unused Serialized files (Serialized files now loaded: 0)
System memory in use before: 120.4 MB.
System memory in use after: 120.6 MB.

Unloading 44 unused Assets to reduce memory usage. Loaded Objects now: 2818.
Total: 3.154700 ms (FindLiveObjects: 0.216200 ms CreateObjectMapping: 0.128100 ms MarkObjects: 2.779000 ms  DeleteObjects: 0.030200 ms)

AssetImportParameters requested are different than current active one (requested -> active):
  custom:framework-win-MediaFoundation: 216162199b28c13a410421893ffa2e32 -> 
  custom:video-decoder-ogg-theora: a1e56fd34408186e4bbccfd4996cb3dc -> 
  custom:container-muxer-webm: aa71ff27fc2769a1b78a27578f13a17b -> 
  custom:container-demuxer-webm: 4f35f7cbe854078d1ac9338744f61a02 -> 
  custom:container-demuxer-ogg: 62fdf1f143b41e24485cea50d1cbac27 -> 
  custom:video-encoder-webm-vp8: eb34c28f22e8b96e1ab97ce403110664 -> 
  custom:video-decoder-webm-vp8: 9c59270c3fd7afecdb556c50c9e8de78 -> 
  custom:graphics/normal-map-encoding: 01000000000000000000000000000000 -> 02000000000000000000000000000000
  custom:audio-decoder-ogg-vorbis: bf7c407c2cedff20999df2af8eb42d56 -> 
  custom:audio-encoder-webm-vorbis: bf7c407c2cedff20999df2af8eb42d56 -> 
========================================================================
Received Prepare
Registering precompiled user dll's ...
Registered in 0.005666 seconds.
Begin MonoManager ReloadAssembly
Error: Could not load signature of iOSNotificationPostProcessor:ShouldAddSettingToPlist due to: Could not load file or assembly 'UnityEditor.iOS.Extensions.Xcode, Version=1.0.0.0, Culture=neutral, PublicKeyToken=null' or one of its dependencies. assembly:UnityEditor.iOS.Extensions.Xcode, Version=1.0.0.0, Culture=neutral, PublicKeyToken=null type:<unknown type> member:(null) signature:<none>
0x00007ff64c34e54c (Unity) StackWalker::GetCurrentCallstack
0x00007ff64c355b49 (Unity) StackWalker::ShowCallstack
0x00007ff64d0e629c (Unity) GetStacktrace
0x00007ff64db431d7 (Unity) DebugStringToFile
0x00007ff64c23f5ab (Unity) ScanForAttributesAndInterfaceImplementations
0x00007ff64c2665b3 (Unity) MonoManager::SetupTypeCache
0x00007ff64c25cae3 (Unity) MonoManager::EndReloadAssembly
0x00007ff64c263fd7 (Unity) MonoManager::ReloadAssembly
0x00007ff64cf8f7b1 (Unity) LoadDomainAndUserAssemblies
0x00007ff64cf8fe19 (Unity) LoadUserAssemblies
0x00007ff64d1ce6a8 (Unity) <lambda_42590b35a7504ca56990eaf6908bc2e2>::operator()
0x00007ff64d257732 (Unity) asio::detail::completion_handler<core::mutable_function<void __cdecl(void)> >::do_complete
0x00007ff64d259890 (Unity) asio::detail::win_iocp_io_service::do_one
0x00007ff64d25d00e (Unity) asio::io_service::run
0x00007ff64d1f836b (Unity) RunAssetImportWorkerClientV2
0x00007ff64d1f83c0 (Unity) RunAssetImporterV2
0x00007ff64cc71539 (Unity) Application::InitializeProject
0x00007ff64d0f0622 (Unity) WinMain
0x00007ff64e78df4e (Unity) __scrt_common_main_seh
0x00007ffb930254e0 (KERNEL32) BaseThreadInitThunk
0x00007ffb941a485b (ntdll) RtlUserThreadStart

Unloading broken assembly Library/ScriptAssemblies/Unity.Notifications.dll, this assembly can cause crashes in the runtime
0x00007ff64c34e54c (Unity) StackWalker::GetCurrentCallstack
0x00007ff64c355b49 (Unity) StackWalker::ShowCallstack
0x00007ff64d0e629c (Unity) GetStacktrace
0x00007ff64db431d7 (Unity) DebugStringToFile
0x00007ff64c265d45 (Unity) MonoManager::SetupLoadedEditorAssemblies
0x00007ff64c25ce71 (Unity) MonoManager::EndReloadAssembly
0x00007ff64c263fd7 (Unity) MonoManager::ReloadAssembly
0x00007ff64cf8f7b1 (Unity) LoadDomainAndUserAssemblies
0x00007ff64cf8fe19 (Unity) LoadUserAssemblies
0x00007ff64d1ce6a8 (Unity) <lambda_42590b35a7504ca56990eaf6908bc2e2>::operator()
0x00007ff64d257732 (Unity) asio::detail::completion_handler<core::mutable_function<void __cdecl(void)> >::do_complete
0x00007ff64d259890 (Unity) asio::detail::win_iocp_io_service::do_one
0x00007ff64d25d00e (Unity) asio::io_service::run
0x00007ff64d1f836b (Unity) RunAssetImportWorkerClientV2
0x00007ff64d1f83c0 (Unity) RunAssetImporterV2
0x00007ff64cc71539 (Unity) Application::InitializeProject
0x00007ff64d0f0622 (Unity) WinMain
0x00007ff64e78df4e (Unity) __scrt_common_main_seh
0x00007ffb930254e0 (KERNEL32) BaseThreadInitThunk
0x00007ffb941a485b (ntdll) RtlUserThreadStart

Native extension for WindowsStandalone target not found
Native extension for WebGL target not found
Refreshing native plugins compatible for Editor in 0.69 ms, found 5 plugins.
Preloading 0 native plugins for Editor in 0.00 ms.
Mono: successfully reloaded assembly
- Completed reload, in  0.982 seconds
Domain Reload Profiling:
	ReloadAssembly (982ms)
		BeginReloadAssembly (144ms)
			ExecutionOrderSort (0ms)
			DisableScriptedObjects (6ms)
			BackupInstance (0ms)
			ReleaseScriptingObjects (0ms)
			CreateAndSetChildDomain (33ms)
		EndReloadAssembly (778ms)
			LoadAssemblies (124ms)
			RebuildTransferFunctionScriptingTraits (0ms)
			SetupTypeCache (255ms)
			ReleaseScriptCaches (1ms)
			RebuildScriptCaches (48ms)
			SetupLoadedEditorAssemblies (287ms)
				LogAssemblyErrors (1ms)
				InitializePlatformSupportModulesInManaged (5ms)
				SetLoadedEditorAssemblies (0ms)
				RefreshPlugins (1ms)
				BeforeProcessingInitializeOnLoad (84ms)
				ProcessInitializeOnLoadAttributes (181ms)
				ProcessInitializeOnLoadMethodAttributes (10ms)
				AfterProcessingInitializeOnLoad (4ms)
				EditorAssembliesLoaded (0ms)
			ExecutionOrderSort2 (0ms)
			AwakeInstancesAfterBackupRestoration (8ms)
Platform modules already initialized, skipping
Switching build target platform(19) subTarget(0) extendedPlatform(0) -> platform(9) subTarget(16777218) extendedPlatform(0)
Refreshing native plugins compatible for Editor in 0.61 ms, found 5 plugins.
Preloading 0 native plugins for Editor in 0.00 ms.
Unloading 2327 Unused Serialized files (Serialized files now loaded: 0)
System memory in use before: 120.4 MB.
System memory in use after: 120.6 MB.

Unloading 44 unused Assets to reduce memory usage. Loaded Objects now: 2821.
Total: 3.434900 ms (FindLiveObjects: 0.193400 ms CreateObjectMapping: 0.104000 ms MarkObjects: 3.112500 ms  DeleteObjects: 0.024500 ms)

AssetImportParameters requested are different than current active one (requested -> active):
  custom:framework-win-MediaFoundation: 216162199b28c13a410421893ffa2e32 -> 
  custom:video-decoder-ogg-theora: a1e56fd34408186e4bbccfd4996cb3dc -> 
  custom:container-muxer-webm: aa71ff27fc2769a1b78a27578f13a17b -> 
  custom:container-demuxer-webm: 4f35f7cbe854078d1ac9338744f61a02 -> 
  custom:container-demuxer-ogg: 62fdf1f143b41e24485cea50d1cbac27 -> 
  custom:video-encoder-webm-vp8: eb34c28f22e8b96e1ab97ce403110664 -> 
  custom:video-decoder-webm-vp8: 9c59270c3fd7afecdb556c50c9e8de78 -> 
  custom:graphics/normal-map-encoding: 01000000000000000000000000000000 -> 02000000000000000000000000000000
  custom:audio-decoder-ogg-vorbis: bf7c407c2cedff20999df2af8eb42d56 -> 
  custom:audio-encoder-webm-vorbis: bf7c407c2cedff20999df2af8eb42d56 -> 
========================================================================
Received Prepare
Registering precompiled user dll's ...
Registered in 0.005328 seconds.
Begin MonoManager ReloadAssembly
Error: Could not load signature of iOSNotificationPostProcessor:ShouldAddSettingToPlist due to: Could not load file or assembly 'UnityEditor.iOS.Extensions.Xcode, Version=1.0.0.0, Culture=neutral, PublicKeyToken=null' or one of its dependencies. assembly:UnityEditor.iOS.Extensions.Xcode, Version=1.0.0.0, Culture=neutral, PublicKeyToken=null type:<unknown type> member:(null) signature:<none>
0x00007ff64c34e54c (Unity) StackWalker::GetCurrentCallstack
0x00007ff64c355b49 (Unity) StackWalker::ShowCallstack
0x00007ff64d0e629c (Unity) GetStacktrace
0x00007ff64db431d7 (Unity) DebugStringToFile
0x00007ff64c23f5ab (Unity) ScanForAttributesAndInterfaceImplementations
0x00007ff64c2665b3 (Unity) MonoManager::SetupTypeCache
0x00007ff64c25cae3 (Unity) MonoManager::EndReloadAssembly
0x00007ff64c263fd7 (Unity) MonoManager::ReloadAssembly
0x00007ff64cf8f7b1 (Unity) LoadDomainAndUserAssemblies
0x00007ff64cf8fe19 (Unity) LoadUserAssemblies
0x00007ff64d1ce6a8 (Unity) <lambda_42590b35a7504ca56990eaf6908bc2e2>::operator()
0x00007ff64d257732 (Unity) asio::detail::completion_handler<core::mutable_function<void __cdecl(void)> >::do_complete
0x00007ff64d259890 (Unity) asio::detail::win_iocp_io_service::do_one
0x00007ff64d25d00e (Unity) asio::io_service::run
0x00007ff64d1f836b (Unity) RunAssetImportWorkerClientV2
0x00007ff64d1f83c0 (Unity) RunAssetImporterV2
0x00007ff64cc71539 (Unity) Application::InitializeProject
0x00007ff64d0f0622 (Unity) WinMain
0x00007ff64e78df4e (Unity) __scrt_common_main_seh
0x00007ffb930254e0 (KERNEL32) BaseThreadInitThunk
0x00007ffb941a485b (ntdll) RtlUserThreadStart

Unloading broken assembly Library/ScriptAssemblies/Unity.Notifications.dll, this assembly can cause crashes in the runtime
0x00007ff64c34e54c (Unity) StackWalker::GetCurrentCallstack
0x00007ff64c355b49 (Unity) StackWalker::ShowCallstack
0x00007ff64d0e629c (Unity) GetStacktrace
0x00007ff64db431d7 (Unity) DebugStringToFile
0x00007ff64c265d45 (Unity) MonoManager::SetupLoadedEditorAssemblies
0x00007ff64c25ce71 (Unity) MonoManager::EndReloadAssembly
0x00007ff64c263fd7 (Unity) MonoManager::ReloadAssembly
0x00007ff64cf8f7b1 (Unity) LoadDomainAndUserAssemblies
0x00007ff64cf8fe19 (Unity) LoadUserAssemblies
0x00007ff64d1ce6a8 (Unity) <lambda_42590b35a7504ca56990eaf6908bc2e2>::operator()
0x00007ff64d257732 (Unity) asio::detail::completion_handler<core::mutable_function<void __cdecl(void)> >::do_complete
0x00007ff64d259890 (Unity) asio::detail::win_iocp_io_service::do_one
0x00007ff64d25d00e (Unity) asio::io_service::run
0x00007ff64d1f836b (Unity) RunAssetImportWorkerClientV2
0x00007ff64d1f83c0 (Unity) RunAssetImporterV2
0x00007ff64cc71539 (Unity) Application::InitializeProject
0x00007ff64d0f0622 (Unity) WinMain
0x00007ff64e78df4e (Unity) __scrt_common_main_seh
0x00007ffb930254e0 (KERNEL32) BaseThreadInitThunk
0x00007ffb941a485b (ntdll) RtlUserThreadStart

Native extension for WindowsStandalone target not found
Native extension for WebGL target not found
Refreshing native plugins compatible for Editor in 0.61 ms, found 5 plugins.
Preloading 0 native plugins for Editor in 0.00 ms.
Mono: successfully reloaded assembly
- Completed reload, in  0.982 seconds
Domain Reload Profiling:
	ReloadAssembly (982ms)
		BeginReloadAssembly (106ms)
			ExecutionOrderSort (0ms)
			DisableScriptedObjects (7ms)
			BackupInstance (0ms)
			ReleaseScriptingObjects (0ms)
			CreateAndSetChildDomain (32ms)
		EndReloadAssembly (825ms)
			LoadAssemblies (83ms)
			RebuildTransferFunctionScriptingTraits (0ms)
			SetupTypeCache (257ms)
			ReleaseScriptCaches (1ms)
			RebuildScriptCaches (64ms)
			SetupLoadedEditorAssemblies (298ms)
				LogAssemblyErrors (1ms)
				InitializePlatformSupportModulesInManaged (5ms)
				SetLoadedEditorAssemblies (0ms)
				RefreshPlugins (1ms)
				BeforeProcessingInitializeOnLoad (90ms)
				ProcessInitializeOnLoadAttributes (187ms)
				ProcessInitializeOnLoadMethodAttributes (10ms)
				AfterProcessingInitializeOnLoad (4ms)
				EditorAssembliesLoaded (0ms)
			ExecutionOrderSort2 (0ms)
			AwakeInstancesAfterBackupRestoration (8ms)
Platform modules already initialized, skipping
Switching build target platform(19) subTarget(0) extendedPlatform(0) -> platform(9) subTarget(16777218) extendedPlatform(0)
Refreshing native plugins compatible for Editor in 0.79 ms, found 5 plugins.
Preloading 0 native plugins for Editor in 0.00 ms.
Unloading 2327 Unused Serialized files (Serialized files now loaded: 0)
System memory in use before: 120.3 MB.
System memory in use after: 120.5 MB.

Unloading 44 unused Assets to reduce memory usage. Loaded Objects now: 2824.
Total: 2.968900 ms (FindLiveObjects: 0.195200 ms CreateObjectMapping: 0.099500 ms MarkObjects: 2.653100 ms  DeleteObjects: 0.020500 ms)

AssetImportParameters requested are different than current active one (requested -> active):
  custom:framework-win-MediaFoundation: 216162199b28c13a410421893ffa2e32 -> 
  custom:video-decoder-ogg-theora: a1e56fd34408186e4bbccfd4996cb3dc -> 
  custom:container-muxer-webm: aa71ff27fc2769a1b78a27578f13a17b -> 
  custom:container-demuxer-webm: 4f35f7cbe854078d1ac9338744f61a02 -> 
  custom:container-demuxer-ogg: 62fdf1f143b41e24485cea50d1cbac27 -> 
  custom:video-encoder-webm-vp8: eb34c28f22e8b96e1ab97ce403110664 -> 
  custom:video-decoder-webm-vp8: 9c59270c3fd7afecdb556c50c9e8de78 -> 
  custom:graphics/normal-map-encoding: 01000000000000000000000000000000 -> 02000000000000000000000000000000
  custom:audio-decoder-ogg-vorbis: bf7c407c2cedff20999df2af8eb42d56 -> 
  custom:audio-encoder-webm-vorbis: bf7c407c2cedff20999df2af8eb42d56 -> 
========================================================================
Received Prepare
Registering precompiled user dll's ...
Registered in 0.005549 seconds.
Begin MonoManager ReloadAssembly
Error: Could not load signature of iOSNotificationPostProcessor:ShouldAddSettingToPlist due to: Could not load file or assembly 'UnityEditor.iOS.Extensions.Xcode, Version=1.0.0.0, Culture=neutral, PublicKeyToken=null' or one of its dependencies. assembly:UnityEditor.iOS.Extensions.Xcode, Version=1.0.0.0, Culture=neutral, PublicKeyToken=null type:<unknown type> member:(null) signature:<none>
0x00007ff64c34e54c (Unity) StackWalker::GetCurrentCallstack
0x00007ff64c355b49 (Unity) StackWalker::ShowCallstack
0x00007ff64d0e629c (Unity) GetStacktrace
0x00007ff64db431d7 (Unity) DebugStringToFile
0x00007ff64c23f5ab (Unity) ScanForAttributesAndInterfaceImplementations
0x00007ff64c2665b3 (Unity) MonoManager::SetupTypeCache
0x00007ff64c25cae3 (Unity) MonoManager::EndReloadAssembly
0x00007ff64c263fd7 (Unity) MonoManager::ReloadAssembly
0x00007ff64cf8f7b1 (Unity) LoadDomainAndUserAssemblies
0x00007ff64cf8fe19 (Unity) LoadUserAssemblies
0x00007ff64d1ce6a8 (Unity) <lambda_42590b35a7504ca56990eaf6908bc2e2>::operator()
0x00007ff64d257732 (Unity) asio::detail::completion_handler<core::mutable_function<void __cdecl(void)> >::do_complete
0x00007ff64d259890 (Unity) asio::detail::win_iocp_io_service::do_one
0x00007ff64d25d00e (Unity) asio::io_service::run
0x00007ff64d1f836b (Unity) RunAssetImportWorkerClientV2
0x00007ff64d1f83c0 (Unity) RunAssetImporterV2
0x00007ff64cc71539 (Unity) Application::InitializeProject
0x00007ff64d0f0622 (Unity) WinMain
0x00007ff64e78df4e (Unity) __scrt_common_main_seh
0x00007ffb930254e0 (KERNEL32) BaseThreadInitThunk
0x00007ffb941a485b (ntdll) RtlUserThreadStart

Unloading broken assembly Library/ScriptAssemblies/Unity.Notifications.dll, this assembly can cause crashes in the runtime
0x00007ff64c34e54c (Unity) StackWalker::GetCurrentCallstack
0x00007ff64c355b49 (Unity) StackWalker::ShowCallstack
0x00007ff64d0e629c (Unity) GetStacktrace
0x00007ff64db431d7 (Unity) DebugStringToFile
0x00007ff64c265d45 (Unity) MonoManager::SetupLoadedEditorAssemblies
0x00007ff64c25ce71 (Unity) MonoManager::EndReloadAssembly
0x00007ff64c263fd7 (Unity) MonoManager::ReloadAssembly
0x00007ff64cf8f7b1 (Unity) LoadDomainAndUserAssemblies
0x00007ff64cf8fe19 (Unity) LoadUserAssemblies
0x00007ff64d1ce6a8 (Unity) <lambda_42590b35a7504ca56990eaf6908bc2e2>::operator()
0x00007ff64d257732 (Unity) asio::detail::completion_handler<core::mutable_function<void __cdecl(void)> >::do_complete
0x00007ff64d259890 (Unity) asio::detail::win_iocp_io_service::do_one
0x00007ff64d25d00e (Unity) asio::io_service::run
0x00007ff64d1f836b (Unity) RunAssetImportWorkerClientV2
0x00007ff64d1f83c0 (Unity) RunAssetImporterV2
0x00007ff64cc71539 (Unity) Application::InitializeProject
0x00007ff64d0f0622 (Unity) WinMain
0x00007ff64e78df4e (Unity) __scrt_common_main_seh
0x00007ffb930254e0 (KERNEL32) BaseThreadInitThunk
0x00007ffb941a485b (ntdll) RtlUserThreadStart

Native extension for WindowsStandalone target not found
Native extension for WebGL target not found
Refreshing native plugins compatible for Editor in 0.62 ms, found 5 plugins.
Preloading 0 native plugins for Editor in 0.00 ms.
Mono: successfully reloaded assembly
- Completed reload, in  0.946 seconds
Domain Reload Profiling:
	ReloadAssembly (946ms)
		BeginReloadAssembly (106ms)
			ExecutionOrderSort (0ms)
			DisableScriptedObjects (6ms)
			BackupInstance (0ms)
			ReleaseScriptingObjects (0ms)
			CreateAndSetChildDomain (35ms)
		EndReloadAssembly (788ms)
			LoadAssemblies (83ms)
			RebuildTransferFunctionScriptingTraits (0ms)
			SetupTypeCache (258ms)
			ReleaseScriptCaches (1ms)
			RebuildScriptCaches (48ms)
			SetupLoadedEditorAssemblies (289ms)
				LogAssemblyErrors (1ms)
				InitializePlatformSupportModulesInManaged (5ms)
				SetLoadedEditorAssemblies (0ms)
				RefreshPlugins (1ms)
				BeforeProcessingInitializeOnLoad (85ms)
				ProcessInitializeOnLoadAttributes (182ms)
				ProcessInitializeOnLoadMethodAttributes (10ms)
				AfterProcessingInitializeOnLoad (4ms)
				EditorAssembliesLoaded (0ms)
			ExecutionOrderSort2 (0ms)
			AwakeInstancesAfterBackupRestoration (8ms)
Platform modules already initialized, skipping
Switching build target platform(19) subTarget(0) extendedPlatform(0) -> platform(9) subTarget(16777218) extendedPlatform(0)
Refreshing native plugins compatible for Editor in 0.98 ms, found 5 plugins.
Preloading 0 native plugins for Editor in 0.00 ms.
Unloading 2327 Unused Serialized files (Serialized files now loaded: 0)
System memory in use before: 120.4 MB.
System memory in use after: 120.6 MB.

Unloading 44 unused Assets to reduce memory usage. Loaded Objects now: 2827.
Total: 2.923300 ms (FindLiveObjects: 0.192000 ms CreateObjectMapping: 0.098400 ms MarkObjects: 2.610900 ms  DeleteObjects: 0.021400 ms)

AssetImportParameters requested are different than current active one (requested -> active):
  custom:framework-win-MediaFoundation: 216162199b28c13a410421893ffa2e32 -> 
  custom:video-decoder-ogg-theora: a1e56fd34408186e4bbccfd4996cb3dc -> 
  custom:container-muxer-webm: aa71ff27fc2769a1b78a27578f13a17b -> 
  custom:container-demuxer-webm: 4f35f7cbe854078d1ac9338744f61a02 -> 
  custom:container-demuxer-ogg: 62fdf1f143b41e24485cea50d1cbac27 -> 
  custom:video-encoder-webm-vp8: eb34c28f22e8b96e1ab97ce403110664 -> 
  custom:video-decoder-webm-vp8: 9c59270c3fd7afecdb556c50c9e8de78 -> 
  custom:graphics/normal-map-encoding: 01000000000000000000000000000000 -> 02000000000000000000000000000000
  custom:audio-decoder-ogg-vorbis: bf7c407c2cedff20999df2af8eb42d56 -> 
  custom:audio-encoder-webm-vorbis: bf7c407c2cedff20999df2af8eb42d56 -> 
